<?xml version="1.0" encoding="UTF-8"?>
<testng-results ignored="0" total="1" passed="1" failed="0" skipped="0">
  <reporter-output>
  </reporter-output>
  <suite started-at="2020-02-06T10:36:58 EST" name="Suite" finished-at="2020-02-06T10:37:32 EST" duration-ms="33700">
    <groups>
    </groups>
    <test started-at="2020-02-06T10:36:58 EST" name="Test" finished-at="2020-02-06T10:37:32 EST" duration-ms="33700">
      <class name="Guru99.emailCsvTest">
        <test-method signature="userLogin()[pri:0, instance:Guru99.emailCsvTest@290d210d]" started-at="2020-02-06T10:36:58 EST" name="userLogin" finished-at="2020-02-06T10:37:32 EST" duration-ms="33576" status="PASS">
          <reporter-output>
          </reporter-output>
        </test-method> <!-- userLogin -->
      </class> <!-- Guru99.emailCsvTest -->
    </test> <!-- Test -->
  </suite> <!-- Suite -->
</testng-results>
